1615667323050	geckodriver	INFO	Listening on 127.0.0.1:60559
1615667323065	mozrunner::runner	INFO	Running command: "/Applications/Firefox.app/Contents/MacOS/firefox-bin" "--marionette" "-foreground" "-no-remote" "-profile" "/var/folders/nq/snwtck0s3pv8kz1lh2pj32380000gn/T/rust_mozprofileGK9yzT"
2021-03-13 21:28:47.901 firefox-bin[30878:2144829] Warning: Expected min height of view: (<NSButton: 0x138710800>) to be less than or equal to 30 but got a height of 32.000000. This error will be logged once per view in violation.
2021-03-13 21:28:47.902 firefox-bin[30878:2144829] Warning: Expected min height of view: (<NSButton: 0x13899fc00>) to be less than or equal to 30 but got a height of 32.000000. This error will be logged once per view in violation.
2021-03-13 21:28:47.902 firefox-bin[30878:2144829] Warning: Expected min height of view: (<NSButton: 0x1389a0c00>) to be less than or equal to 30 but got a height of 32.000000. This error will be logged once per view in violation.
2021-03-13 21:28:47.903 firefox-bin[30878:2144829] Warning: Expected min height of view: (<NSButton: 0x13899e000>) to be less than or equal to 30 but got a height of 32.000000. This error will be logged once per view in violation.
2021-03-13 21:28:47.903 firefox-bin[30878:2144829] Warning: Expected min height of view: (<NSButton: 0x138999800>) to be less than or equal to 30 but got a height of 32.000000. This error will be logged once per view in violation.
2021-03-13 21:28:47.904 firefox-bin[30878:2144829] Warning: Expected min height of view: (<NSPopoverTouchBarItemButton: 0x1389a0000>) to be less than or equal to 30 but got a height of 32.000000. This error will be logged once per view in violation.
2021-03-13 21:28:47.904 firefox-bin[30878:2144829] Warning: Expected min height of view: (<NSPopoverTouchBarItemButton: 0x1389a6000>) to be less than or equal to 30 but got a height of 32.000000. This error will be logged once per view in violation.
console.warn: SearchSettings: "get: No settings file exists, new profile?" (new Error("", "(unknown module)"))
1615667329217	Marionette	INFO	Listening on port 60568
1615667365097	geckodriver	INFO	Listening on 127.0.0.1:60610
1615667365108	mozrunner::runner	INFO	Running command: "/Applications/Firefox.app/Contents/MacOS/firefox-bin" "--marionette" "-foreground" "-no-remote" "-profile" "/var/folders/nq/snwtck0s3pv8kz1lh2pj32380000gn/T/rust_mozprofileteDMWb"
2021-03-13 21:29:26.528 firefox-bin[30919:2145644] Warning: Expected min height of view: (<NSButton: 0x128fef000>) to be less than or equal to 30 but got a height of 32.000000. This error will be logged once per view in violation.
2021-03-13 21:29:26.529 firefox-bin[30919:2145644] Warning: Expected min height of view: (<NSButton: 0x1358cf800>) to be less than or equal to 30 but got a height of 32.000000. This error will be logged once per view in violation.
2021-03-13 21:29:26.529 firefox-bin[30919:2145644] Warning: Expected min height of view: (<NSButton: 0x1358cfc00>) to be less than or equal to 30 but got a height of 32.000000. This error will be logged once per view in violation.
2021-03-13 21:29:26.530 firefox-bin[30919:2145644] Warning: Expected min height of view: (<NSButton: 0x1358cbc00>) to be less than or equal to 30 but got a height of 32.000000. This error will be logged once per view in violation.
2021-03-13 21:29:26.531 firefox-bin[30919:2145644] Warning: Expected min height of view: (<NSButton: 0x1358d0c00>) to be less than or equal to 30 but got a height of 32.000000. This error will be logged once per view in violation.
2021-03-13 21:29:26.531 firefox-bin[30919:2145644] Warning: Expected min height of view: (<NSPopoverTouchBarItemButton: 0x1358ce800>) to be less than or equal to 30 but got a height of 32.000000. This error will be logged once per view in violation.
2021-03-13 21:29:26.532 firefox-bin[30919:2145644] Warning: Expected min height of view: (<NSPopoverTouchBarItemButton: 0x1358d2800>) to be less than or equal to 30 but got a height of 32.000000. This error will be logged once per view in violation.
console.warn: SearchSettings: "get: No settings file exists, new profile?" (new Error("", "(unknown module)"))
1615667367711	Marionette	INFO	Listening on port 60619
1615667367806	Marionette	WARN	TLS certificate errors will be ignored for this session
1615667378682	Marionette	INFO	Stopped listening on port 60619

###!!! [Parent][RunMessage] Error: Channel closing: too late to send/recv, messages will be lost

2021-03-13 21:30:39.305 firefox-bin[30878:2144829] Warning: Expected min height of view: (<NSButton: 0x11f195000>) to be less than or equal to 30 but got a height of 32.000000. This error will be logged once per view in violation.
2021-03-13 21:30:39.306 firefox-bin[30878:2144829] Warning: Expected min height of view: (<NSButton: 0x138e99400>) to be less than or equal to 30 but got a height of 32.000000. This error will be logged once per view in violation.
2021-03-13 21:30:39.306 firefox-bin[30878:2144829] Warning: Expected min height of view: (<NSButton: 0x138e9b400>) to be less than or equal to 30 but got a height of 32.000000. This error will be logged once per view in violation.
2021-03-13 21:30:39.307 firefox-bin[30878:2144829] Warning: Expected min height of view: (<NSButton: 0x138e9b800>) to be less than or equal to 30 but got a height of 32.000000. This error will be logged once per view in violation.
2021-03-13 21:30:39.307 firefox-bin[30878:2144829] Warning: Expected min height of view: (<NSButton: 0x138e9c000>) to be less than or equal to 30 but got a height of 32.000000. This error will be logged once per view in violation.
2021-03-13 21:30:39.308 firefox-bin[30878:2144829] Warning: Expected min height of view: (<NSPopoverTouchBarItemButton: 0x138e99c00>) to be less than or equal to 30 but got a height of 32.000000. This error will be logged once per view in violation.
2021-03-13 21:30:39.308 firefox-bin[30878:2144829] Warning: Expected min height of view: (<NSPopoverTouchBarItemButton: 0x138ea6800>) to be less than or equal to 30 but got a height of 32.000000. This error will be logged once per view in violation.
2021-03-13 21:55:24.000 firefox-bin[30878:2144829] Warning: Expected min height of view: (<NSButton: 0x137ad6000>) to be less than or equal to 30 but got a height of 32.000000. This error will be logged once per view in violation.
2021-03-13 21:55:24.014 firefox-bin[30878:2144829] Warning: Expected min height of view: (<NSButton: 0x1390a7400>) to be less than or equal to 30 but got a height of 32.000000. This error will be logged once per view in violation.
2021-03-13 21:55:24.015 firefox-bin[30878:2144829] Warning: Expected min height of view: (<NSButton: 0x1390a9800>) to be less than or equal to 30 but got a height of 32.000000. This error will be logged once per view in violation.
2021-03-13 21:55:24.015 firefox-bin[30878:2144829] Warning: Expected min height of view: (<NSButton: 0x1390b4400>) to be less than or equal to 30 but got a height of 32.000000. This error will be logged once per view in violation.
2021-03-13 21:55:24.016 firefox-bin[30878:2144829] Warning: Expected min height of view: (<NSButton: 0x1390b2000>) to be less than or equal to 30 but got a height of 32.000000. This error will be logged once per view in violation.
2021-03-13 21:55:24.017 firefox-bin[30878:2144829] Warning: Expected min height of view: (<NSPopoverTouchBarItemButton: 0x1390b5c00>) to be less than or equal to 30 but got a height of 32.000000. This error will be logged once per view in violation.
2021-03-13 21:55:24.018 firefox-bin[30878:2144829] Warning: Expected min height of view: (<NSPopoverTouchBarItemButton: 0x1390d7c00>) to be less than or equal to 30 but got a height of 32.000000. This error will be logged once per view in violation.
2021-03-13 21:57:12.604 firefox-bin[30878:2144829] Warning: Expected min height of view: (<NSButton: 0x137b1a400>) to be less than or equal to 30 but got a height of 32.000000. This error will be logged once per view in violation.
2021-03-13 21:57:12.606 firefox-bin[30878:2144829] Warning: Expected min height of view: (<NSButton: 0x138e98000>) to be less than or equal to 30 but got a height of 32.000000. This error will be logged once per view in violation.
2021-03-13 21:57:12.606 firefox-bin[30878:2144829] Warning: Expected min height of view: (<NSButton: 0x138e9e800>) to be less than or equal to 30 but got a height of 32.000000. This error will be logged once per view in violation.
2021-03-13 21:57:12.607 firefox-bin[30878:2144829] Warning: Expected min height of view: (<NSButton: 0x138e9bc00>) to be less than or equal to 30 but got a height of 32.000000. This error will be logged once per view in violation.
2021-03-13 21:57:12.608 firefox-bin[30878:2144829] Warning: Expected min height of view: (<NSButton: 0x138e9c000>) to be less than or equal to 30 but got a height of 32.000000. This error will be logged once per view in violation.
2021-03-13 21:57:12.608 firefox-bin[30878:2144829] Warning: Expected min height of view: (<NSPopoverTouchBarItemButton: 0x138e9a400>) to be less than or equal to 30 but got a height of 32.000000. This error will be logged once per view in violation.
2021-03-13 21:57:12.609 firefox-bin[30878:2144829] Warning: Expected min height of view: (<NSPopoverTouchBarItemButton: 0x138ea1800>) to be less than or equal to 30 but got a height of 32.000000. This error will be logged once per view in violation.
1615669094322	Marionette	INFO	Stopped listening on port 60568

###!!! [Parent][RunMessage] Error: Channel closing: too late to send/recv, messages will be lost

